
[INFO|11:25:40]: Thavic25's speed was too high while flying 3 times in a row (max=3, speed=0.7304780279209808, max speed=0.5599920129776002) 
[INFO|11:25:42]: Thavic25's speed was too high while flying 3 times in a row (max=3, speed=0.6201700648052793, max speed=0.5599920129776002) 
[INFO|11:25:44]: Thavic25 has just entered the Medium hack group. 
[INFO|11:25:44]: Thavic25's last failed check was: Speed. 
[INFO|11:25:44]: Type '/anticheat report Thavic25' for more information. 
[INFO|11:25:44]: Thavic25's speed was too high while flying 3 times in a row (max=3, speed=0.6607689366364866, max speed=0.5599920129776002) 
[INFO|11:25:45]: Thavic25's speed was too high while flying 3 times in a row (max=3, speed=0.6527781082404545, max speed=0.5599920129776002) 
[INFO|11:25:55]: Thavic25 spam-repeated "Take off this anti cheat" 
[INFO|11:26:00]: Thavic25's speed was too high while flying 3 times in a row (max=3, speed=0.6326381742194371, max speed=0.5599920129776002) 
[INFO|11:26:06]: Thavic25's speed was too high while flying 3 times in a row (max=3, speed=0.6288943950098655, max speed=0.5599920129776002) 
[INFO|11:26:30]: Thavic25's speed was too high while flying 3 times in a row (max=3, speed=0.6554131535115175, max speed=0.5599920129776002) 
[INFO|11:26:31]: Thavic25's speed was too high while flying 3 times in a row (max=3, speed=0.6104387468319601, max speed=0.5599920129776002) 
[INFO|11:26:32]: Thavic25's speed was too high while flying 3 times in a row (max=3, speed=0.6510695756519453, max speed=0.5599920129776002) 
[INFO|11:26:33]: Thavic25's speed was too high while flying 3 times in a row (max=3, speed=0.6435997258656698, max speed=0.5599920129776002) 
[INFO|11:26:34]: Thavic25's speed was too high while flying 3 times in a row (max=3, speed=0.6697917127961546, max speed=0.5599920129776002) 
[INFO|11:26:35]: Thavic25's speed was too high 3 times in a row (max=3, speed=0.25197572738238705, max speed=0.2499920129776001) 
[INFO|11:26:42]: Thavic25's speed was too high while flying 3 times in a row (max=3, speed=0.6553124517586184, max speed=0.5599920129776002) 
[INFO|11:26:43]: Thavic25's speed was too high while flying 3 times in a row (max=3, speed=0.6502423741501389, max speed=0.5599920129776002) 
[INFO|11:26:44]: Thavic25's speed was too high while flying 3 times in a row (max=3, speed=0.6591363328343505, max speed=0.5599920129776002) 
[INFO|11:26:47]: Thavic25's speed was too high while flying 3 times in a row (max=3, speed=0.6574435034342514, max speed=0.5599920129776002) 
[INFO|11:26:47]: Thavic25's speed was too high while flying 3 times in a row (max=3, speed=0.6739943086831772, max speed=0.5599920129776002) 
[INFO|11:26:50]: Thavic25's speed was too high while flying 3 times in a row (max=3, speed=0.6410895152540661, max speed=0.5599920129776002) 
[INFO|11:26:51]: Thavic25's speed was too high while flying 3 times in a row (max=3, speed=0.6344793363991812, max speed=0.5599920129776002) 
[INFO|11:26:51]: Thavic25's speed was too high while flying 3 times in a row (max=3, speed=0.6360964790274011, max speed=0.5599920129776002) 
[INFO|11:26:52]: Thavic25's speed was too high while flying 3 times in a row (max=3, speed=0.6360964790274011, max speed=0.5599920129776002) 
[INFO|11:26:53]: Thavic25's speed was too high while flying 3 times in a row (max=3, speed=0.6354372293044435, max speed=0.5599920129776002) 
[INFO|11:26:55]: Thavic25's speed was too high while flying 3 times in a row (max=3, speed=0.6289522627230326, max speed=0.5599920129776002) 
[INFO|11:26:56]: Thavic25's speed was too high while flying 3 times in a row (max=3, speed=0.6360964790274011, max speed=0.5599920129776002) 
[INFO|11:26:56]: Thavic25's speed was too high while flying 3 times in a row (max=3, speed=0.6360964790274011, max speed=0.5599920129776002) 
[INFO|11:26:57]: Thavic25's speed was too high while flying 3 times in a row (max=3, speed=0.6360964790274011, max speed=0.5599920129776002) 
[INFO|11:26:58]: Thavic25's speed was too high while flying 3 times in a row (max=3, speed=0.6409530016389908, max speed=0.5599920129776002) 
[INFO|11:26:59]: Thavic25's speed was too high while flying 3 times in a row (max=3, speed=0.6517493702708634, max speed=0.5599920129776002) 
[INFO|11:26:59]: Thavic25's speed was too high while flying 3 times in a row (max=3, speed=0.6522223881115679, max speed=0.5599920129776002) 
[INFO|11:27:00]: Thavic25's speed was too high while flying 3 times in a row (max=3, speed=0.6360964790274011, max speed=0.5599920129776002) 
[INFO|11:27:01]: Thavic25's speed was too high while flying 3 times in a row (max=3, speed=0.6360964790274011, max speed=0.5599920129776002) 
[INFO|11:27:02]: Thavic25 has just entered the High hack group. 
[INFO|11:27:02]: Thavic25's last failed check was: Speed. 
[INFO|11:27:02]: Type '/anticheat report Thavic25' for more information. 
[INFO|11:27:02]: Thavic25's speed was too high while flying 3 times in a row (max=3, speed=0.6360964790274011, max speed=0.5599920129776002) 
[INFO|11:27:02]: Thavic25 was kicked for hacking. (Speed) 
[INFO|11:27:21]: Thavic25's speed was too high while flying 3 times in a row (max=3, speed=0.5720601134236176, max speed=0.56) 
[INFO|11:27:22]: Thavic25's speed was too high while flying 3 times in a row (max=3, speed=0.6343097819817558, max speed=0.56) 
[INFO|11:27:26]: Thavic25 ascended 8 times in a row (max = 8) 
[INFO|11:27:34]: Thavic25's speed was too high while flying 3 times in a row (max=3, speed=0.658258076866332, max speed=0.56) 
[INFO|11:27:51]: Thavic25 ascended 8 times in a row (max = 8) 
[INFO|11:28:02]: Thavic25's speed was too high while flying 3 times in a row (max=3, speed=0.6219003371088547, max speed=0.56) 
[INFO|11:28:39]: Thavic25's speed was too high while flying 3 times in a row (max=3, speed=0.6559881642551773, max speed=0.56) 
[INFO|11:28:43]: Thavic25's speed was too high while flying 3 times in a row (max=3, speed=0.62415089592389, max speed=0.56) 
[INFO|11:28:58]: Thavic25's speed was too high while flying 3 times in a row (max=3, speed=0.6565050140712856, max speed=0.56) 
[INFO|11:29:39]: Thavic25's speed was too high while flying 3 times in a row (max=3, speed=0.5927650007769216, max speed=0.56) 
[INFO|11:29:47]: Thavic25 has just entered the High hack group. 
[INFO|11:29:47]: Thavic25's last failed check was: Speed. 
[INFO|11:29:47]: Type '/anticheat report Thavic25' for more information. 
[INFO|11:29:47]: Thavic25's speed was too high while flying 3 times in a row (max=3, speed=0.6718213897147507, max speed=0.56) 
[INFO|11:29:47]: Thavic25 was kicked for hacking. (Speed) 
[INFO|11:30:33]: Thavic25's speed was too high while flying 3 times in a row (max=3, speed=0.62239260166848, max speed=0.56) 
[INFO|11:30:48]: Thavic25's speed was too high while flying 3 times in a row (max=3, speed=0.7090703237632852, max speed=0.56) 
[INFO|11:30:49]: Thavic25's speed was too high while flying 3 times in a row (max=3, speed=0.6299093746423523, max speed=0.56) 
[INFO|11:30:55]: Thavic25 ascended 8 times in a row (max = 8) 
[INFO|11:30:59]: Thavic25's speed was too high while flying 3 times in a row (max=3, speed=0.6475532789136196, max speed=0.56) 
[INFO|11:31:00]: Thavic25's speed was too high while flying 3 times in a row (max=3, speed=0.654412170017622, max speed=0.56) 
[INFO|11:31:09]: Thavic25's speed was too high while flying 3 times in a row (max=3, speed=0.5976714296410819, max speed=0.56) 
[INFO|11:31:10]: Thavic25's speed was too high while flying 3 times in a row (max=3, speed=0.683709884242262, max speed=0.56) 
[INFO|11:31:10]: Thavic25's speed was too high while flying 3 times in a row (max=3, speed=0.6408567291585996, max speed=0.56) 
[INFO|11:31:11]: Thavic25's speed was too high while flying 3 times in a row (max=3, speed=0.6518028439860473, max speed=0.56) 
[INFO|11:31:13]: Thavic25 has just entered the High hack group. 
[INFO|11:31:13]: Thavic25's last failed check was: Speed. 
[INFO|11:31:13]: Type '/anticheat report Thavic25' for more information. 
[INFO|11:31:13]: Thavic25's speed was too high while flying 3 times in a row (max=3, speed=0.647229358658933, max speed=0.56) 
[INFO|11:31:13]: Thavic25 was kicked for hacking. (Speed) 
[INFO|11:31:20]: Thavic25's speed was too high while flying 3 times in a row (max=3, speed=0.6586946396813573, max speed=0.56) 
[INFO|11:31:21]: Thavic25's speed was too high while flying 3 times in a row (max=3, speed=0.5734452217502621, max speed=0.56) 
[INFO|11:31:25]: Thavic25's speed was too high while flying 3 times in a row (max=3, speed=0.6108643534440716, max speed=0.56) 
[INFO|11:31:26]: Thavic25's speed was too high while flying 3 times in a row (max=3, speed=0.6021036916924913, max speed=0.56) 
[INFO|11:31:27]: Thavic25's speed was too high while flying 3 times in a row (max=3, speed=0.6702536065756703, max speed=0.56) 
[INFO|11:31:28]: Thavic25's speed was too high while flying 3 times in a row (max=3, speed=0.6326503625890609, max speed=0.56) 
[INFO|11:31:29]: Thavic25's speed was too high while flying 3 times in a row (max=3, speed=0.6636680699057251, max speed=0.56) 
[INFO|11:31:31]: Thavic25's speed was too high while flying 3 times in a row (max=3, speed=0.6254395116081923, max speed=0.56) 
[INFO|11:31:32]: Thavic25's speed was too high while flying 3 times in a row (max=3, speed=0.5800708359722648, max speed=0.56) 
[INFO|11:31:33]: Thavic25 has just entered the High hack group. 
[INFO|11:31:33]: Thavic25's last failed check was: Speed. 
[INFO|11:31:33]: Type '/anticheat report Thavic25' for more information. 
[INFO|11:31:33]: Thavic25's speed was too high while flying 3 times in a row (max=3, speed=0.671238571451795, max speed=0.56) 
[INFO|11:31:33]: Thavic25 was kicked for hacking. (Speed) 
[INFO|11:31:39]: Thavic25's speed was too high while flying 3 times in a row (max=3, speed=0.5777596269984997, max speed=0.56) 
[INFO|11:31:39]: Thavic25's speed was too high while flying 3 times in a row (max=3, speed=0.672231234810738, max speed=0.56) 
[INFO|11:31:40]: Thavic25's speed was too high while flying 3 times in a row (max=3, speed=0.6086450466746101, max speed=0.56) 
[INFO|11:31:41]: Thavic25's speed was too high while flying 3 times in a row (max=3, speed=0.6672430871943789, max speed=0.56) 
[INFO|11:31:42]: Thavic25's speed was too high while flying 3 times in a row (max=3, speed=0.6226120589273023, max speed=0.56) 
[INFO|11:31:45]: Thavic25's speed was too high while flying 3 times in a row (max=3, speed=0.5630304297792463, max speed=0.56) 
[INFO|11:31:46]: Thavic25's speed was too high while flying 3 times in a row (max=3, speed=0.644000603573204, max speed=0.56) 
[INFO|11:31:47]: Thavic25's speed was too high while flying 3 times in a row (max=3, speed=0.6739750022616136, max speed=0.56) 
[INFO|11:31:47]: Thavic25's speed was too high while flying 3 times in a row (max=3, speed=0.6769496540827049, max speed=0.56) 
[INFO|11:32:02]: Thavic25 has just entered the High hack group. 
[INFO|11:32:02]: Thavic25's last failed check was: Speed. 
[INFO|11:32:02]: Type '/anticheat report Thavic25' for more information. 
[INFO|11:32:02]: Thavic25's speed was too high while flying 3 times in a row (max=3, speed=0.6745742296347998, max speed=0.56) 
[INFO|11:32:02]: Thavic25 was kicked for hacking. (Speed) 
[INFO|11:32:14]: Thavic25's speed was too high while flying 3 times in a row (max=3, speed=0.6032862728508235, max speed=0.56) 
[INFO|11:32:14]: Thavic25's speed was too high while flying 3 times in a row (max=3, speed=0.6612310283326224, max speed=0.56) 
[INFO|11:32:20]: Thavic25's speed was too high while flying 3 times in a row (max=3, speed=0.6277939082779085, max speed=0.56) 
[INFO|11:32:22]: Thavic25's speed was too high while flying 3 times in a row (max=3, speed=0.7285679369256286, max speed=0.56) 
[INFO|11:32:24]: Thavic25's speed was too high while flying 3 times in a row (max=3, speed=0.7940472391965159, max speed=0.56) 
[INFO|11:32:26]: Thavic25's speed was too high while flying 3 times in a row (max=3, speed=0.9354629152260259, max speed=0.56) 
[INFO|11:32:27]: Thavic25's speed was too high while flying 3 times in a row (max=3, speed=0.7104098029203669, max speed=0.56) 
[INFO|11:32:28]: Thavic25's speed was too high while flying 3 times in a row (max=3, speed=0.6519840428447878, max speed=0.56) 
[INFO|11:32:28]: Thavic25's speed was too high while flying 3 times in a row (max=3, speed=0.624228929948913, max speed=0.56) 
[INFO|11:32:29]: Thavic25 has just entered the High hack group. 
[INFO|11:32:29]: Thavic25's last failed check was: Speed. 
[INFO|11:32:29]: Type '/anticheat report Thavic25' for more information. 
[INFO|11:32:29]: Thavic25's speed was too high while flying 3 times in a row (max=3, speed=0.6495714666883714, max speed=0.56) 
[INFO|11:32:29]: Thavic25 was kicked for hacking. (Speed) 
[INFO|11:33:29]: Thavic25's speed was too high while flying 3 times in a row (max=3, speed=0.7622293388083108, max speed=0.56) 
[INFO|11:33:31]: Thavic25's speed was too high while flying 3 times in a row (max=3, speed=0.7645736048884828, max speed=0.56) 
[INFO|11:34:24]: Thavic25 spammed quickly "Im really horny can i touch 1 of u" 
[INFO|11:35:06]: Thavic25's speed was too high while flying 3 times in a row (max=3, speed=0.630397664079851, max speed=0.56) 
[INFO|11:35:13]: Thavic25's speed was too high while flying 3 times in a row (max=3, speed=0.6584242520407315, max speed=0.56) 
[INFO|11:35:15]: Thavic25's speed was too high while flying 3 times in a row (max=3, speed=0.6612306460740456, max speed=0.56) 
[INFO|11:35:16]: Thavic25's speed was too high while flying 3 times in a row (max=3, speed=0.6339270094315452, max speed=0.56) 
[INFO|11:35:17]: Thavic25's speed was too high while flying 3 times in a row (max=3, speed=0.6445326464831851, max speed=0.56) 
[INFO|11:35:28]: Thavic25 spam-repeated "I WANT TO TOUCH ELLIS' MUM" 
[INFO|11:35:28]: Thavic25 has just entered the High hack group. 
[INFO|11:35:28]: Thavic25's last failed check was: Chat spam. 
[INFO|11:35:28]: Type '/anticheat report Thavic25' for more information. 
[INFO|11:35:28]: Thavic25 was kicked for hacking. (Chat spam) 
[INFO|11:48:37]: Thavic25's speed was too high while flying 3 times in a row (max=3, speed=0.6722301279303338, max speed=0.56) 
[INFO|11:49:13]: Thavic25's speed was too high while flying 3 times in a row (max=3, speed=0.5935133608106753, max speed=0.56) 
[INFO|11:49:17]: Thavic25's speed was too high while flying 3 times in a row (max=3, speed=0.673062794421071, max speed=0.56) 
[INFO|11:49:22]: Thavic25's speed was too high while flying 3 times in a row (max=3, speed=0.6752507482569854, max speed=0.56) 
[INFO|11:49:31]: Thavic25's speed was too high while flying 3 times in a row (max=3, speed=0.6722885692600507, max speed=0.56) 
[INFO|10:13:17]: BazzAhhh's speed was too high while flying 3 times in a row (max=3, speed=0.9473500796654353, max speed=0.5599960064888001) 
[INFO|10:13:23]: BazzAhhh's speed was too high while flying 3 times in a row (max=3, speed=0.681191194007873, max speed=0.5599960064888001) 
[INFO|10:13:24]: BazzAhhh's speed was too high while flying 3 times in a row (max=3, speed=0.6624368203680895, max speed=0.5599960064888001) 
[INFO|10:13:26]: BazzAhhh's speed was too high while flying 3 times in a row (max=3, speed=0.6523647563932684, max speed=0.5599960064888001) 
[INFO|10:23:27]: BazzAhhh's speed was too high while flying 3 times in a row (max=3, speed=0.6554223574466818, max speed=0.5599960064888001) 
[INFO|10:23:28]: BazzAhhh's speed was too high while flying 3 times in a row (max=3, speed=0.6527761066596867, max speed=0.5599960064888001) 
[INFO|10:23:31]: BazzAhhh spam-repeated "NO" 
[INFO|10:23:31]: BazzAhhh spam-repeated "NO" 
[INFO|10:23:32]: BazzAhhh spam-repeated "NO" 
[INFO|10:24:01]: BazzAhhh's speed was too high while flying 3 times in a row (max=3, speed=0.6855244515652714, max speed=0.5599960064888001) 
[INFO|10:24:51]: BazzAhhh's speed was too high while flying 3 times in a row (max=3, speed=0.6446249025087099, max speed=0.5599960064888001) 
[INFO|10:24:52]: BazzAhhh's speed was too high while flying 3 times in a row (max=3, speed=0.6274727367570989, max speed=0.5599960064888001) 
[INFO|10:25:21]: BazzAhhh's speed was too high while flying 3 times in a row (max=3, speed=0.6164989278620965, max speed=0.5599960064888001) 
[INFO|10:25:22]: BazzAhhh's speed was too high while flying 3 times in a row (max=3, speed=0.6389263409124055, max speed=0.5599960064888001) 
[INFO|2:53:30]: Thavic25's speed was too high while flying 3 times in a row (max=3, speed=0.6447452780280116, max speed=0.56) 
[INFO|2:53:31]: Thavic25's speed was too high while flying 3 times in a row (max=3, speed=0.6514367688771969, max speed=0.56) 
[INFO|2:54:32]: Thavic25's speed was too high while flying 3 times in a row (max=3, speed=0.655692169556076, max speed=0.56) 
[INFO|2:54:33]: Thavic25's speed was too high while flying 3 times in a row (max=3, speed=0.6679927737875602, max speed=0.56) 
[INFO|2:54:37]: Thavic25 has just entered the High hack group. 
[INFO|2:54:37]: Thavic25's last failed check was: Fly. 
[INFO|2:54:37]: Type '/anticheat report Thavic25' for more information. 
[INFO|2:54:37]: Thavic25 ascended 8 times in a row (max = 8) 
[INFO|2:54:37]: Thavic25 was kicked for hacking. (Fly) 
[INFO|3:45:33]: Thavic25's speed was too high while flying 3 times in a row (max=3, speed=0.6299777459606091, max speed=0.56) 
[INFO|3:48:14]: Thavic25's speed was too high while flying 3 times in a row (max=3, speed=0.6917561185180077, max speed=0.56) 
[INFO|3:48:15]: Thavic25's speed was too high while flying 3 times in a row (max=3, speed=0.6422859436304549, max speed=0.56) 
[INFO|3:49:38]: Thavic25's speed was too high while flying 3 times in a row (max=3, speed=0.6578097957422528, max speed=0.56) 
[INFO|3:49:39]: Thavic25's speed was too high while flying 3 times in a row (max=3, speed=0.6702957537315228, max speed=0.56) 
[INFO|3:51:15]: Thavic25's speed was too high while flying 3 times in a row (max=3, speed=0.6586501168987127, max speed=0.56) 
[INFO|3:51:16]: Thavic25's speed was too high while flying 3 times in a row (max=3, speed=0.6626446666396077, max speed=0.56) 
[INFO|3:51:42]: Thavic25's speed was too high while flying 3 times in a row (max=3, speed=0.6528750928928844, max speed=0.56) 
[INFO|5:04:27]: Thavic25's speed was too high while flying 3 times in a row (max=3, speed=0.685458439142252, max speed=0.56) 
[INFO|5:04:33]: Thavic25 has just entered the High hack group. 
[INFO|5:04:33]: Thavic25's last failed check was: Speed. 
[INFO|5:04:33]: Type '/anticheat report Thavic25' for more information. 
[INFO|5:04:33]: Thavic25's speed was too high while flying 3 times in a row (max=3, speed=0.6427648355643214, max speed=0.56) 
[INFO|5:04:33]: Thavic25 was kicked for hacking. (Speed) 
